

Started GET "/" for 127.0.0.1 at 2014-11-23 20:05:25 -0500
Processing by Rails::WelcomeController#index as HTML
  Rendered /usr/local/rvm/gems/ruby-2.0.0-p576/gems/railties-4.1.8/lib/rails/templates/rails/welcome/index.html.erb (3.1ms)
Completed 200 OK in 111ms (Views: 50.6ms | ActiveRecord: 0.0ms)


Started GET "/" for 127.0.0.1 at 2014-11-23 20:05:27 -0500
Processing by Rails::WelcomeController#index as HTML
  Rendered /usr/local/rvm/gems/ruby-2.0.0-p576/gems/railties-4.1.8/lib/rails/templates/rails/welcome/index.html.erb (0.0ms)
Completed 200 OK in 2ms (Views: 1.1ms | ActiveRecord: 0.0ms)


Started GET "/" for 127.0.0.1 at 2014-11-23 20:17:33 -0500
Processing by WelcomeController#index as HTML
  Rendered welcome/index.html.erb within layouts/application (0.4ms)
Completed 200 OK in 1355ms (Views: 1354.2ms | ActiveRecord: 0.0ms)


Started GET "/assets/jquery.js?body=1" for 127.0.0.1 at 2014-11-23 20:17:34 -0500


Started GET "/assets/application.css?body=1" for 127.0.0.1 at 2014-11-23 20:17:34 -0500


Started GET "/assets/turbolinks.js?body=1" for 127.0.0.1 at 2014-11-23 20:17:34 -0500


Started GET "/assets/jquery_ujs.js?body=1" for 127.0.0.1 at 2014-11-23 20:17:34 -0500


Started GET "/assets/welcome.css?body=1" for 127.0.0.1 at 2014-11-23 20:17:34 -0500


Started GET "/assets/welcome.js?body=1" for 127.0.0.1 at 2014-11-23 20:17:34 -0500


Started GET "/assets/application.js?body=1" for 127.0.0.1 at 2014-11-23 20:17:34 -0500


Started GET "/welcome/index" for 127.0.0.1 at 2014-11-23 20:24:11 -0500
Processing by WelcomeController#index as HTML
  Rendered welcome/index.html.erb within layouts/application (0.1ms)
Completed 200 OK in 493ms (Views: 492.0ms | ActiveRecord: 0.0ms)


Started GET "/assets/welcome.css?body=1" for 127.0.0.1 at 2014-11-23 20:24:11 -0500


Started GET "/assets/application.css?body=1" for 127.0.0.1 at 2014-11-23 20:24:11 -0500


Started GET "/assets/welcome.js?body=1" for 127.0.0.1 at 2014-11-23 20:24:11 -0500


Started GET "/assets/application.js?body=1" for 127.0.0.1 at 2014-11-23 20:24:11 -0500


Started GET "/" for 127.0.0.1 at 2014-11-23 20:24:15 -0500
Processing by WelcomeController#index as HTML
  Rendered welcome/index.html.erb within layouts/application (0.0ms)
Completed 200 OK in 36ms (Views: 35.7ms | ActiveRecord: 0.0ms)


Started GET "/assets/welcome.css?body=1" for 127.0.0.1 at 2014-11-23 20:24:15 -0500


Started GET "/assets/application.css?body=1" for 127.0.0.1 at 2014-11-23 20:24:15 -0500


Started GET "/assets/application.js?body=1" for 127.0.0.1 at 2014-11-23 20:24:15 -0500


Started GET "/assets/welcome.js?body=1" for 127.0.0.1 at 2014-11-23 20:24:15 -0500


Started GET "/articles/new" for 127.0.0.1 at 2014-11-23 20:27:46 -0500

ActionController::RoutingError (uninitialized constant ArticlesController):
  activesupport (4.1.8) lib/active_support/inflector/methods.rb:238:in `const_get'
  activesupport (4.1.8) lib/active_support/inflector/methods.rb:238:in `block in constantize'
  activesupport (4.1.8) lib/active_support/inflector/methods.rb:236:in `each'
  activesupport (4.1.8) lib/active_support/inflector/methods.rb:236:in `inject'
  activesupport (4.1.8) lib/active_support/inflector/methods.rb:236:in `constantize'
  actionpack (4.1.8) lib/action_dispatch/routing/route_set.rb:78:in `controller_reference'
  actionpack (4.1.8) lib/action_dispatch/routing/route_set.rb:68:in `controller'
  actionpack (4.1.8) lib/action_dispatch/routing/route_set.rb:46:in `call'
  actionpack (4.1.8) lib/action_dispatch/journey/router.rb:73:in `block in call'
  actionpack (4.1.8) lib/action_dispatch/journey/router.rb:59:in `each'
  actionpack (4.1.8) lib/action_dispatch/journey/router.rb:59:in `call'
  actionpack (4.1.8) lib/action_dispatch/routing/route_set.rb:678:in `call'
  rack (1.5.2) lib/rack/etag.rb:23:in `call'
  rack (1.5.2) lib/rack/conditionalget.rb:25:in `call'
  rack (1.5.2) lib/rack/head.rb:11:in `call'
  actionpack (4.1.8) lib/action_dispatch/middleware/params_parser.rb:27:in `call'
  actionpack (4.1.8) lib/action_dispatch/middleware/flash.rb:254:in `call'
  rack (1.5.2) lib/rack/session/abstract/id.rb:225:in `context'
  rack (1.5.2) lib/rack/session/abstract/id.rb:220:in `call'
  actionpack (4.1.8) lib/action_dispatch/middleware/cookies.rb:560:in `call'
  activerecord (4.1.8) lib/active_record/query_cache.rb:36:in `call'
  activerecord (4.1.8) lib/active_record/connection_adapters/abstract/connection_pool.rb:621:in `call'
  activerecord (4.1.8) lib/active_record/migration.rb:380:in `call'
  actionpack (4.1.8) lib/action_dispatch/middleware/callbacks.rb:29:in `block in call'
  activesupport (4.1.8) lib/active_support/callbacks.rb:82:in `run_callbacks'
  actionpack (4.1.8) lib/action_dispatch/middleware/callbacks.rb:27:in `call'
  actionpack (4.1.8) lib/action_dispatch/middleware/reloader.rb:73:in `call'
  actionpack (4.1.8) lib/action_dispatch/middleware/remote_ip.rb:76:in `call'
  actionpack (4.1.8) lib/action_dispatch/middleware/debug_exceptions.rb:17:in `call'
  actionpack (4.1.8) lib/action_dispatch/middleware/show_exceptions.rb:30:in `call'
  railties (4.1.8) lib/rails/rack/logger.rb:38:in `call_app'
  railties (4.1.8) lib/rails/rack/logger.rb:20:in `block in call'
  activesupport (4.1.8) lib/active_support/tagged_logging.rb:68:in `block in tagged'
  activesupport (4.1.8) lib/active_support/tagged_logging.rb:26:in `tagged'
  activesupport (4.1.8) lib/active_support/tagged_logging.rb:68:in `tagged'
  railties (4.1.8) lib/rails/rack/logger.rb:20:in `call'
  actionpack (4.1.8) lib/action_dispatch/middleware/request_id.rb:21:in `call'
  rack (1.5.2) lib/rack/methodoverride.rb:21:in `call'
  rack (1.5.2) lib/rack/runtime.rb:17:in `call'
  activesupport (4.1.8) lib/active_support/cache/strategy/local_cache_middleware.rb:26:in `call'
  rack (1.5.2) lib/rack/lock.rb:17:in `call'
  actionpack (4.1.8) lib/action_dispatch/middleware/static.rb:84:in `call'
  rack (1.5.2) lib/rack/sendfile.rb:112:in `call'
  railties (4.1.8) lib/rails/engine.rb:514:in `call'
  railties (4.1.8) lib/rails/application.rb:144:in `call'
  rack (1.5.2) lib/rack/lock.rb:17:in `call'
  rack (1.5.2) lib/rack/content_length.rb:14:in `call'
  rack (1.5.2) lib/rack/handler/webrick.rb:60:in `service'
  /usr/local/rvm/rubies/ruby-2.0.0-p576/lib/ruby/2.0.0/webrick/httpserver.rb:138:in `service'
  /usr/local/rvm/rubies/ruby-2.0.0-p576/lib/ruby/2.0.0/webrick/httpserver.rb:94:in `run'
  /usr/local/rvm/rubies/ruby-2.0.0-p576/lib/ruby/2.0.0/webrick/server.rb:295:in `block in start_thread'


  Rendered /usr/local/rvm/gems/ruby-2.0.0-p576/gems/actionpack-4.1.8/lib/action_dispatch/middleware/templates/rescues/_trace.html.erb (1.4ms)
  Rendered /usr/local/rvm/gems/ruby-2.0.0-p576/gems/actionpack-4.1.8/lib/action_dispatch/middleware/templates/routes/_route.html.erb (1.6ms)
  Rendered /usr/local/rvm/gems/ruby-2.0.0-p576/gems/actionpack-4.1.8/lib/action_dispatch/middleware/templates/routes/_table.html.erb (31.5ms)
  Rendered /usr/local/rvm/gems/ruby-2.0.0-p576/gems/actionpack-4.1.8/lib/action_dispatch/middleware/templates/rescues/routing_error.html.erb within rescues/layout (61.3ms)


Started GET "/articles/new" for 127.0.0.1 at 2014-11-23 20:28:46 -0500

AbstractController::ActionNotFound (The action 'new' could not be found for ArticlesController):
  actionpack (4.1.8) lib/abstract_controller/base.rb:131:in `process'
  actionview (4.1.8) lib/action_view/rendering.rb:30:in `process'
  actionpack (4.1.8) lib/action_controller/metal.rb:196:in `dispatch'
  actionpack (4.1.8) lib/action_controller/metal/rack_delegation.rb:13:in `dispatch'
  actionpack (4.1.8) lib/action_controller/metal.rb:232:in `block in action'
  actionpack (4.1.8) lib/action_dispatch/routing/route_set.rb:82:in `call'
  actionpack (4.1.8) lib/action_dispatch/routing/route_set.rb:82:in `dispatch'
  actionpack (4.1.8) lib/action_dispatch/routing/route_set.rb:50:in `call'
  actionpack (4.1.8) lib/action_dispatch/journey/router.rb:73:in `block in call'
  actionpack (4.1.8) lib/action_dispatch/journey/router.rb:59:in `each'
  actionpack (4.1.8) lib/action_dispatch/journey/router.rb:59:in `call'
  actionpack (4.1.8) lib/action_dispatch/routing/route_set.rb:678:in `call'
  rack (1.5.2) lib/rack/etag.rb:23:in `call'
  rack (1.5.2) lib/rack/conditionalget.rb:25:in `call'
  rack (1.5.2) lib/rack/head.rb:11:in `call'
  actionpack (4.1.8) lib/action_dispatch/middleware/params_parser.rb:27:in `call'
  actionpack (4.1.8) lib/action_dispatch/middleware/flash.rb:254:in `call'
  rack (1.5.2) lib/rack/session/abstract/id.rb:225:in `context'
  rack (1.5.2) lib/rack/session/abstract/id.rb:220:in `call'
  actionpack (4.1.8) lib/action_dispatch/middleware/cookies.rb:560:in `call'
  activerecord (4.1.8) lib/active_record/query_cache.rb:36:in `call'
  activerecord (4.1.8) lib/active_record/connection_adapters/abstract/connection_pool.rb:621:in `call'
  activerecord (4.1.8) lib/active_record/migration.rb:380:in `call'
  actionpack (4.1.8) lib/action_dispatch/middleware/callbacks.rb:29:in `block in call'
  activesupport (4.1.8) lib/active_support/callbacks.rb:82:in `run_callbacks'
  actionpack (4.1.8) lib/action_dispatch/middleware/callbacks.rb:27:in `call'
  actionpack (4.1.8) lib/action_dispatch/middleware/reloader.rb:73:in `call'
  actionpack (4.1.8) lib/action_dispatch/middleware/remote_ip.rb:76:in `call'
  actionpack (4.1.8) lib/action_dispatch/middleware/debug_exceptions.rb:17:in `call'
  actionpack (4.1.8) lib/action_dispatch/middleware/show_exceptions.rb:30:in `call'
  railties (4.1.8) lib/rails/rack/logger.rb:38:in `call_app'
  railties (4.1.8) lib/rails/rack/logger.rb:20:in `block in call'
  activesupport (4.1.8) lib/active_support/tagged_logging.rb:68:in `block in tagged'
  activesupport (4.1.8) lib/active_support/tagged_logging.rb:26:in `tagged'
  activesupport (4.1.8) lib/active_support/tagged_logging.rb:68:in `tagged'
  railties (4.1.8) lib/rails/rack/logger.rb:20:in `call'
  actionpack (4.1.8) lib/action_dispatch/middleware/request_id.rb:21:in `call'
  rack (1.5.2) lib/rack/methodoverride.rb:21:in `call'
  rack (1.5.2) lib/rack/runtime.rb:17:in `call'
  activesupport (4.1.8) lib/active_support/cache/strategy/local_cache_middleware.rb:26:in `call'
  rack (1.5.2) lib/rack/lock.rb:17:in `call'
  actionpack (4.1.8) lib/action_dispatch/middleware/static.rb:84:in `call'
  rack (1.5.2) lib/rack/sendfile.rb:112:in `call'
  railties (4.1.8) lib/rails/engine.rb:514:in `call'
  railties (4.1.8) lib/rails/application.rb:144:in `call'
  rack (1.5.2) lib/rack/lock.rb:17:in `call'
  rack (1.5.2) lib/rack/content_length.rb:14:in `call'
  rack (1.5.2) lib/rack/handler/webrick.rb:60:in `service'
  /usr/local/rvm/rubies/ruby-2.0.0-p576/lib/ruby/2.0.0/webrick/httpserver.rb:138:in `service'
  /usr/local/rvm/rubies/ruby-2.0.0-p576/lib/ruby/2.0.0/webrick/httpserver.rb:94:in `run'
  /usr/local/rvm/rubies/ruby-2.0.0-p576/lib/ruby/2.0.0/webrick/server.rb:295:in `block in start_thread'


  Rendered /usr/local/rvm/gems/ruby-2.0.0-p576/gems/actionpack-4.1.8/lib/action_dispatch/middleware/templates/rescues/unknown_action.html.erb within rescues/layout (0.6ms)


Started GET "/articles/new" for 127.0.0.1 at 2014-11-23 20:31:02 -0500
Processing by ArticlesController#new as HTML
Completed 500 Internal Server Error in 2ms

ActionView::MissingTemplate (Missing template articles/new, application/new with {:locale=>[:en], :formats=>[:html], :variants=>[], :handlers=>[:erb, :builder, :raw, :ruby, :coffee, :jbuilder]}. Searched in:
  * "/Users/apple/Desktop/Make It Real/Challenge/blog-rails-app/blog-rails-app/app/views"
):
  actionview (4.1.8) lib/action_view/path_set.rb:46:in `find'
  actionview (4.1.8) lib/action_view/lookup_context.rb:124:in `find'
  actionview (4.1.8) lib/action_view/renderer/abstract_renderer.rb:18:in `find_template'
  actionview (4.1.8) lib/action_view/renderer/template_renderer.rb:41:in `determine_template'
  actionview (4.1.8) lib/action_view/renderer/template_renderer.rb:8:in `render'
  actionview (4.1.8) lib/action_view/renderer/renderer.rb:42:in `render_template'
  actionview (4.1.8) lib/action_view/renderer/renderer.rb:23:in `render'
  actionview (4.1.8) lib/action_view/rendering.rb:99:in `_render_template'
  actionpack (4.1.8) lib/action_controller/metal/streaming.rb:217:in `_render_template'
  actionview (4.1.8) lib/action_view/rendering.rb:82:in `render_to_body'
  actionpack (4.1.8) lib/action_controller/metal/rendering.rb:32:in `render_to_body'
  actionpack (4.1.8) lib/action_controller/metal/renderers.rb:32:in `render_to_body'
  actionpack (4.1.8) lib/abstract_controller/rendering.rb:25:in `render'
  actionpack (4.1.8) lib/action_controller/metal/rendering.rb:16:in `render'
  actionpack (4.1.8) lib/action_controller/metal/instrumentation.rb:41:in `block (2 levels) in render'
  activesupport (4.1.8) lib/active_support/core_ext/benchmark.rb:12:in `block in ms'
  /usr/local/rvm/rubies/ruby-2.0.0-p576/lib/ruby/2.0.0/benchmark.rb:296:in `realtime'
  activesupport (4.1.8) lib/active_support/core_ext/benchmark.rb:12:in `ms'
  actionpack (4.1.8) lib/action_controller/metal/instrumentation.rb:41:in `block in render'
  actionpack (4.1.8) lib/action_controller/metal/instrumentation.rb:84:in `cleanup_view_runtime'
  activerecord (4.1.8) lib/active_record/railties/controller_runtime.rb:25:in `cleanup_view_runtime'
  actionpack (4.1.8) lib/action_controller/metal/instrumentation.rb:40:in `render'
  actionpack (4.1.8) lib/action_controller/metal/implicit_render.rb:10:in `default_render'
  actionpack (4.1.8) lib/action_controller/metal/implicit_render.rb:5:in `send_action'
  actionpack (4.1.8) lib/abstract_controller/base.rb:189:in `process_action'
  actionpack (4.1.8) lib/action_controller/metal/rendering.rb:10:in `process_action'
  actionpack (4.1.8) lib/abstract_controller/callbacks.rb:20:in `block in process_action'
  activesupport (4.1.8) lib/active_support/callbacks.rb:113:in `call'
  activesupport (4.1.8) lib/active_support/callbacks.rb:113:in `call'
  activesupport (4.1.8) lib/active_support/callbacks.rb:229:in `block in halting'
  activesupport (4.1.8) lib/active_support/callbacks.rb:229:in `call'
  activesupport (4.1.8) lib/active_support/callbacks.rb:229:in `block in halting'
  activesupport (4.1.8) lib/active_support/callbacks.rb:166:in `call'
  activesupport (4.1.8) lib/active_support/callbacks.rb:166:in `block in halting'
  activesupport (4.1.8) lib/active_support/callbacks.rb:166:in `call'
  activesupport (4.1.8) lib/active_support/callbacks.rb:166:in `block in halting'
  activesupport (4.1.8) lib/active_support/callbacks.rb:166:in `call'
  activesupport (4.1.8) lib/active_support/callbacks.rb:166:in `block in halting'
  activesupport (4.1.8) lib/active_support/callbacks.rb:86:in `call'
  activesupport (4.1.8) lib/active_support/callbacks.rb:86:in `run_callbacks'
  actionpack (4.1.8) lib/abstract_controller/callbacks.rb:19:in `process_action'
  actionpack (4.1.8) lib/action_controller/metal/rescue.rb:29:in `process_action'
  actionpack (4.1.8) lib/action_controller/metal/instrumentation.rb:31:in `block in process_action'
  activesupport (4.1.8) lib/active_support/notifications.rb:159:in `block in instrument'
  activesupport (4.1.8) lib/active_support/notifications/instrumenter.rb:20:in `instrument'
  activesupport (4.1.8) lib/active_support/notifications.rb:159:in `instrument'
  actionpack (4.1.8) lib/action_controller/metal/instrumentation.rb:30:in `process_action'
  actionpack (4.1.8) lib/action_controller/metal/params_wrapper.rb:250:in `process_action'
  activerecord (4.1.8) lib/active_record/railties/controller_runtime.rb:18:in `process_action'
  actionpack (4.1.8) lib/abstract_controller/base.rb:136:in `process'
  actionview (4.1.8) lib/action_view/rendering.rb:30:in `process'
  actionpack (4.1.8) lib/action_controller/metal.rb:196:in `dispatch'
  actionpack (4.1.8) lib/action_controller/metal/rack_delegation.rb:13:in `dispatch'
  actionpack (4.1.8) lib/action_controller/metal.rb:232:in `block in action'
  actionpack (4.1.8) lib/action_dispatch/routing/route_set.rb:82:in `call'
  actionpack (4.1.8) lib/action_dispatch/routing/route_set.rb:82:in `dispatch'
  actionpack (4.1.8) lib/action_dispatch/routing/route_set.rb:50:in `call'
  actionpack (4.1.8) lib/action_dispatch/journey/router.rb:73:in `block in call'
  actionpack (4.1.8) lib/action_dispatch/journey/router.rb:59:in `each'
  actionpack (4.1.8) lib/action_dispatch/journey/router.rb:59:in `call'
  actionpack (4.1.8) lib/action_dispatch/routing/route_set.rb:678:in `call'
  rack (1.5.2) lib/rack/etag.rb:23:in `call'
  rack (1.5.2) lib/rack/conditionalget.rb:25:in `call'
  rack (1.5.2) lib/rack/head.rb:11:in `call'
  actionpack (4.1.8) lib/action_dispatch/middleware/params_parser.rb:27:in `call'
  actionpack (4.1.8) lib/action_dispatch/middleware/flash.rb:254:in `call'
  rack (1.5.2) lib/rack/session/abstract/id.rb:225:in `context'
  rack (1.5.2) lib/rack/session/abstract/id.rb:220:in `call'
  actionpack (4.1.8) lib/action_dispatch/middleware/cookies.rb:560:in `call'
  activerecord (4.1.8) lib/active_record/query_cache.rb:36:in `call'
  activerecord (4.1.8) lib/active_record/connection_adapters/abstract/connection_pool.rb:621:in `call'
  activerecord (4.1.8) lib/active_record/migration.rb:380:in `call'
  actionpack (4.1.8) lib/action_dispatch/middleware/callbacks.rb:29:in `block in call'
  activesupport (4.1.8) lib/active_support/callbacks.rb:82:in `run_callbacks'
  actionpack (4.1.8) lib/action_dispatch/middleware/callbacks.rb:27:in `call'
  actionpack (4.1.8) lib/action_dispatch/middleware/reloader.rb:73:in `call'
  actionpack (4.1.8) lib/action_dispatch/middleware/remote_ip.rb:76:in `call'
  actionpack (4.1.8) lib/action_dispatch/middleware/debug_exceptions.rb:17:in `call'
  actionpack (4.1.8) lib/action_dispatch/middleware/show_exceptions.rb:30:in `call'
  railties (4.1.8) lib/rails/rack/logger.rb:38:in `call_app'
  railties (4.1.8) lib/rails/rack/logger.rb:20:in `block in call'
  activesupport (4.1.8) lib/active_support/tagged_logging.rb:68:in `block in tagged'
  activesupport (4.1.8) lib/active_support/tagged_logging.rb:26:in `tagged'
  activesupport (4.1.8) lib/active_support/tagged_logging.rb:68:in `tagged'
  railties (4.1.8) lib/rails/rack/logger.rb:20:in `call'
  actionpack (4.1.8) lib/action_dispatch/middleware/request_id.rb:21:in `call'
  rack (1.5.2) lib/rack/methodoverride.rb:21:in `call'
  rack (1.5.2) lib/rack/runtime.rb:17:in `call'
  activesupport (4.1.8) lib/active_support/cache/strategy/local_cache_middleware.rb:26:in `call'
  rack (1.5.2) lib/rack/lock.rb:17:in `call'
  actionpack (4.1.8) lib/action_dispatch/middleware/static.rb:84:in `call'
  rack (1.5.2) lib/rack/sendfile.rb:112:in `call'
  railties (4.1.8) lib/rails/engine.rb:514:in `call'
  railties (4.1.8) lib/rails/application.rb:144:in `call'
  rack (1.5.2) lib/rack/lock.rb:17:in `call'
  rack (1.5.2) lib/rack/content_length.rb:14:in `call'
  rack (1.5.2) lib/rack/handler/webrick.rb:60:in `service'
  /usr/local/rvm/rubies/ruby-2.0.0-p576/lib/ruby/2.0.0/webrick/httpserver.rb:138:in `service'
  /usr/local/rvm/rubies/ruby-2.0.0-p576/lib/ruby/2.0.0/webrick/httpserver.rb:94:in `run'
  /usr/local/rvm/rubies/ruby-2.0.0-p576/lib/ruby/2.0.0/webrick/server.rb:295:in `block in start_thread'


  Rendered /usr/local/rvm/gems/ruby-2.0.0-p576/gems/actionpack-4.1.8/lib/action_dispatch/middleware/templates/rescues/missing_template.html.erb within rescues/layout (0.6ms)


Started GET "/" for 127.0.0.1 at 2014-11-23 20:35:05 -0500
Processing by WelcomeController#index as HTML
  Rendered welcome/index.html.erb within layouts/application (0.1ms)
Completed 200 OK in 1164ms (Views: 1163.2ms | ActiveRecord: 0.0ms)


Started GET "/assets/articles.css?body=1" for 127.0.0.1 at 2014-11-23 20:35:06 -0500


Started GET "/assets/articles.js?body=1" for 127.0.0.1 at 2014-11-23 20:35:06 -0500


Started GET "/assets/welcome.css?body=1" for 127.0.0.1 at 2014-11-23 20:35:06 -0500


Started GET "/assets/application.css?body=1" for 127.0.0.1 at 2014-11-23 20:35:06 -0500


Started GET "/assets/jquery_ujs.js?body=1" for 127.0.0.1 at 2014-11-23 20:35:06 -0500


Started GET "/assets/turbolinks.js?body=1" for 127.0.0.1 at 2014-11-23 20:35:06 -0500


Started GET "/assets/jquery.js?body=1" for 127.0.0.1 at 2014-11-23 20:35:06 -0500


Started GET "/assets/welcome.js?body=1" for 127.0.0.1 at 2014-11-23 20:35:06 -0500


Started GET "/assets/application.js?body=1" for 127.0.0.1 at 2014-11-23 20:35:06 -0500


Started GET "/articles/new" for 127.0.0.1 at 2014-11-23 20:35:13 -0500
Processing by ArticlesController#new as HTML
  Rendered articles/new.html.erb within layouts/application (0.4ms)
Completed 200 OK in 46ms (Views: 44.9ms | ActiveRecord: 0.0ms)


Started GET "/assets/application.css?body=1" for 127.0.0.1 at 2014-11-23 20:35:14 -0500


Started GET "/assets/jquery_ujs.js?body=1" for 127.0.0.1 at 2014-11-23 20:35:14 -0500


Started GET "/assets/welcome.css?body=1" for 127.0.0.1 at 2014-11-23 20:35:14 -0500


Started GET "/assets/turbolinks.js?body=1" for 127.0.0.1 at 2014-11-23 20:35:14 -0500


Started GET "/assets/jquery.js?body=1" for 127.0.0.1 at 2014-11-23 20:35:14 -0500


Started GET "/assets/welcome.js?body=1" for 127.0.0.1 at 2014-11-23 20:35:14 -0500


Started GET "/assets/application.js?body=1" for 127.0.0.1 at 2014-11-23 20:35:14 -0500


Started GET "/article/new" for 127.0.0.1 at 2014-11-23 20:35:18 -0500

ActionController::RoutingError (No route matches [GET] "/article/new"):
  actionpack (4.1.8) lib/action_dispatch/middleware/debug_exceptions.rb:21:in `call'
  actionpack (4.1.8) lib/action_dispatch/middleware/show_exceptions.rb:30:in `call'
  railties (4.1.8) lib/rails/rack/logger.rb:38:in `call_app'
  railties (4.1.8) lib/rails/rack/logger.rb:20:in `block in call'
  activesupport (4.1.8) lib/active_support/tagged_logging.rb:68:in `block in tagged'
  activesupport (4.1.8) lib/active_support/tagged_logging.rb:26:in `tagged'
  activesupport (4.1.8) lib/active_support/tagged_logging.rb:68:in `tagged'
  railties (4.1.8) lib/rails/rack/logger.rb:20:in `call'
  actionpack (4.1.8) lib/action_dispatch/middleware/request_id.rb:21:in `call'
  rack (1.5.2) lib/rack/methodoverride.rb:21:in `call'
  rack (1.5.2) lib/rack/runtime.rb:17:in `call'
  activesupport (4.1.8) lib/active_support/cache/strategy/local_cache_middleware.rb:26:in `call'
  rack (1.5.2) lib/rack/lock.rb:17:in `call'
  actionpack (4.1.8) lib/action_dispatch/middleware/static.rb:84:in `call'
  rack (1.5.2) lib/rack/sendfile.rb:112:in `call'
  railties (4.1.8) lib/rails/engine.rb:514:in `call'
  railties (4.1.8) lib/rails/application.rb:144:in `call'
  rack (1.5.2) lib/rack/lock.rb:17:in `call'
  rack (1.5.2) lib/rack/content_length.rb:14:in `call'
  rack (1.5.2) lib/rack/handler/webrick.rb:60:in `service'
  /usr/local/rvm/rubies/ruby-2.0.0-p576/lib/ruby/2.0.0/webrick/httpserver.rb:138:in `service'
  /usr/local/rvm/rubies/ruby-2.0.0-p576/lib/ruby/2.0.0/webrick/httpserver.rb:94:in `run'
  /usr/local/rvm/rubies/ruby-2.0.0-p576/lib/ruby/2.0.0/webrick/server.rb:295:in `block in start_thread'


  Rendered /usr/local/rvm/gems/ruby-2.0.0-p576/gems/actionpack-4.1.8/lib/action_dispatch/middleware/templates/rescues/_trace.html.erb (1.3ms)
  Rendered /usr/local/rvm/gems/ruby-2.0.0-p576/gems/actionpack-4.1.8/lib/action_dispatch/middleware/templates/routes/_route.html.erb (1.3ms)
  Rendered /usr/local/rvm/gems/ruby-2.0.0-p576/gems/actionpack-4.1.8/lib/action_dispatch/middleware/templates/routes/_table.html.erb (1.1ms)
  Rendered /usr/local/rvm/gems/ruby-2.0.0-p576/gems/actionpack-4.1.8/lib/action_dispatch/middleware/templates/rescues/routing_error.html.erb within rescues/layout (20.5ms)


Started GET "/articles/new" for 127.0.0.1 at 2014-11-23 20:35:22 -0500
Processing by ArticlesController#new as HTML
  Rendered articles/new.html.erb within layouts/application (0.0ms)
Completed 200 OK in 44ms (Views: 43.2ms | ActiveRecord: 0.0ms)


Started GET "/assets/jquery.js?body=1" for 127.0.0.1 at 2014-11-23 20:35:22 -0500


Started GET "/assets/welcome.css?body=1" for 127.0.0.1 at 2014-11-23 20:35:22 -0500


Started GET "/assets/application.css?body=1" for 127.0.0.1 at 2014-11-23 20:35:22 -0500


Started GET "/assets/welcome.js?body=1" for 127.0.0.1 at 2014-11-23 20:35:22 -0500


Started GET "/assets/turbolinks.js?body=1" for 127.0.0.1 at 2014-11-23 20:35:22 -0500


Started GET "/assets/jquery_ujs.js?body=1" for 127.0.0.1 at 2014-11-23 20:35:22 -0500


Started GET "/assets/application.js?body=1" for 127.0.0.1 at 2014-11-23 20:35:22 -0500


Started GET "/articles/new" for 127.0.0.1 at 2014-11-23 20:36:17 -0500
Processing by ArticlesController#new as HTML
  Rendered articles/new.html.erb within layouts/application (160.0ms)
Completed 200 OK in 208ms (Views: 207.2ms | ActiveRecord: 0.0ms)


Started GET "/assets/articles.css?body=1" for 127.0.0.1 at 2014-11-23 20:36:17 -0500


Started GET "/assets/jquery.js?body=1" for 127.0.0.1 at 2014-11-23 20:36:17 -0500


Started GET "/assets/welcome.css?body=1" for 127.0.0.1 at 2014-11-23 20:36:17 -0500


Started GET "/assets/jquery_ujs.js?body=1" for 127.0.0.1 at 2014-11-23 20:36:17 -0500


Started GET "/assets/application.css?body=1" for 127.0.0.1 at 2014-11-23 20:36:17 -0500


Started GET "/assets/turbolinks.js?body=1" for 127.0.0.1 at 2014-11-23 20:36:17 -0500


Started GET "/assets/welcome.js?body=1" for 127.0.0.1 at 2014-11-23 20:36:17 -0500


Started GET "/assets/articles.js?body=1" for 127.0.0.1 at 2014-11-23 20:36:17 -0500


Started GET "/assets/application.js?body=1" for 127.0.0.1 at 2014-11-23 20:36:17 -0500


Started POST "/articles/new" for 127.0.0.1 at 2014-11-23 20:36:26 -0500

ActionController::RoutingError (No route matches [POST] "/articles/new"):
  actionpack (4.1.8) lib/action_dispatch/middleware/debug_exceptions.rb:21:in `call'
  actionpack (4.1.8) lib/action_dispatch/middleware/show_exceptions.rb:30:in `call'
  railties (4.1.8) lib/rails/rack/logger.rb:38:in `call_app'
  railties (4.1.8) lib/rails/rack/logger.rb:20:in `block in call'
  activesupport (4.1.8) lib/active_support/tagged_logging.rb:68:in `block in tagged'
  activesupport (4.1.8) lib/active_support/tagged_logging.rb:26:in `tagged'
  activesupport (4.1.8) lib/active_support/tagged_logging.rb:68:in `tagged'
  railties (4.1.8) lib/rails/rack/logger.rb:20:in `call'
  actionpack (4.1.8) lib/action_dispatch/middleware/request_id.rb:21:in `call'
  rack (1.5.2) lib/rack/methodoverride.rb:21:in `call'
  rack (1.5.2) lib/rack/runtime.rb:17:in `call'
  activesupport (4.1.8) lib/active_support/cache/strategy/local_cache_middleware.rb:26:in `call'
  rack (1.5.2) lib/rack/lock.rb:17:in `call'
  actionpack (4.1.8) lib/action_dispatch/middleware/static.rb:84:in `call'
  rack (1.5.2) lib/rack/sendfile.rb:112:in `call'
  railties (4.1.8) lib/rails/engine.rb:514:in `call'
  railties (4.1.8) lib/rails/application.rb:144:in `call'
  rack (1.5.2) lib/rack/lock.rb:17:in `call'
  rack (1.5.2) lib/rack/content_length.rb:14:in `call'
  rack (1.5.2) lib/rack/handler/webrick.rb:60:in `service'
  /usr/local/rvm/rubies/ruby-2.0.0-p576/lib/ruby/2.0.0/webrick/httpserver.rb:138:in `service'
  /usr/local/rvm/rubies/ruby-2.0.0-p576/lib/ruby/2.0.0/webrick/httpserver.rb:94:in `run'
  /usr/local/rvm/rubies/ruby-2.0.0-p576/lib/ruby/2.0.0/webrick/server.rb:295:in `block in start_thread'


  Rendered /usr/local/rvm/gems/ruby-2.0.0-p576/gems/actionpack-4.1.8/lib/action_dispatch/middleware/templates/rescues/_trace.html.erb (1.0ms)
  Rendered /usr/local/rvm/gems/ruby-2.0.0-p576/gems/actionpack-4.1.8/lib/action_dispatch/middleware/templates/routes/_route.html.erb (1.3ms)
  Rendered /usr/local/rvm/gems/ruby-2.0.0-p576/gems/actionpack-4.1.8/lib/action_dispatch/middleware/templates/routes/_table.html.erb (1.2ms)
  Rendered /usr/local/rvm/gems/ruby-2.0.0-p576/gems/actionpack-4.1.8/lib/action_dispatch/middleware/templates/rescues/routing_error.html.erb within rescues/layout (17.1ms)


Started POST "/articles/new" for 127.0.0.1 at 2014-11-23 20:41:25 -0500

ActionController::RoutingError (No route matches [POST] "/articles/new"):
  actionpack (4.1.8) lib/action_dispatch/middleware/debug_exceptions.rb:21:in `call'
  actionpack (4.1.8) lib/action_dispatch/middleware/show_exceptions.rb:30:in `call'
  railties (4.1.8) lib/rails/rack/logger.rb:38:in `call_app'
  railties (4.1.8) lib/rails/rack/logger.rb:20:in `block in call'
  activesupport (4.1.8) lib/active_support/tagged_logging.rb:68:in `block in tagged'
  activesupport (4.1.8) lib/active_support/tagged_logging.rb:26:in `tagged'
  activesupport (4.1.8) lib/active_support/tagged_logging.rb:68:in `tagged'
  railties (4.1.8) lib/rails/rack/logger.rb:20:in `call'
  actionpack (4.1.8) lib/action_dispatch/middleware/request_id.rb:21:in `call'
  rack (1.5.2) lib/rack/methodoverride.rb:21:in `call'
  rack (1.5.2) lib/rack/runtime.rb:17:in `call'
  activesupport (4.1.8) lib/active_support/cache/strategy/local_cache_middleware.rb:26:in `call'
  rack (1.5.2) lib/rack/lock.rb:17:in `call'
  actionpack (4.1.8) lib/action_dispatch/middleware/static.rb:84:in `call'
  rack (1.5.2) lib/rack/sendfile.rb:112:in `call'
  railties (4.1.8) lib/rails/engine.rb:514:in `call'
  railties (4.1.8) lib/rails/application.rb:144:in `call'
  rack (1.5.2) lib/rack/lock.rb:17:in `call'
  rack (1.5.2) lib/rack/content_length.rb:14:in `call'
  rack (1.5.2) lib/rack/handler/webrick.rb:60:in `service'
  /usr/local/rvm/rubies/ruby-2.0.0-p576/lib/ruby/2.0.0/webrick/httpserver.rb:138:in `service'
  /usr/local/rvm/rubies/ruby-2.0.0-p576/lib/ruby/2.0.0/webrick/httpserver.rb:94:in `run'
  /usr/local/rvm/rubies/ruby-2.0.0-p576/lib/ruby/2.0.0/webrick/server.rb:295:in `block in start_thread'


  Rendered /usr/local/rvm/gems/ruby-2.0.0-p576/gems/actionpack-4.1.8/lib/action_dispatch/middleware/templates/rescues/_trace.html.erb (1.0ms)
  Rendered /usr/local/rvm/gems/ruby-2.0.0-p576/gems/actionpack-4.1.8/lib/action_dispatch/middleware/templates/routes/_route.html.erb (1.4ms)
  Rendered /usr/local/rvm/gems/ruby-2.0.0-p576/gems/actionpack-4.1.8/lib/action_dispatch/middleware/templates/routes/_table.html.erb (1.1ms)
  Rendered /usr/local/rvm/gems/ruby-2.0.0-p576/gems/actionpack-4.1.8/lib/action_dispatch/middleware/templates/rescues/routing_error.html.erb within rescues/layout (19.0ms)


Started GET "/articles/new" for 127.0.0.1 at 2014-11-23 20:41:29 -0500
Processing by ArticlesController#new as HTML
  Rendered articles/new.html.erb within layouts/application (39.8ms)
Completed 500 Internal Server Error in 44ms

SyntaxError (/Users/apple/Desktop/Make It Real/Challenge/blog-rails-app/blog-rails-app/app/views/articles/new.html.erb:2: syntax error, unexpected ',', expecting tSTRING_CONTENT or tSTRING_DBEG or tSTRING_DVAR or tSTRING_END
...put_buffer.append=  form_for :, url: articles_path do |f| @o...
...                               ^
/Users/apple/Desktop/Make It Real/Challenge/blog-rails-app/blog-rails-app/app/views/articles/new.html.erb:17: syntax error, unexpected keyword_ensure, expecting end-of-input):
  app/views/articles/new.html.erb:2: syntax error, unexpected ',', expecting tSTRING_CONTENT or tSTRING_DBEG or tSTRING_DVAR or tSTRING_END
  app/views/articles/new.html.erb:17: syntax error, unexpected keyword_ensure, expecting end-of-input


  Rendered /usr/local/rvm/gems/ruby-2.0.0-p576/gems/actionpack-4.1.8/lib/action_dispatch/middleware/templates/rescues/_source.erb (0.7ms)
  Rendered /usr/local/rvm/gems/ruby-2.0.0-p576/gems/actionpack-4.1.8/lib/action_dispatch/middleware/templates/rescues/_trace.html.erb (1.5ms)
  Rendered /usr/local/rvm/gems/ruby-2.0.0-p576/gems/actionpack-4.1.8/lib/action_dispatch/middleware/templates/rescues/_request_and_response.html.erb (0.8ms)
  Rendered /usr/local/rvm/gems/ruby-2.0.0-p576/gems/actionpack-4.1.8/lib/action_dispatch/middleware/templates/rescues/diagnostics.erb within rescues/layout (16.5ms)


Started GET "/articles/new" for 127.0.0.1 at 2014-11-23 20:42:40 -0500
Processing by ArticlesController#new as HTML
  Rendered articles/new.html.erb within layouts/application (0.8ms)
Completed 500 Internal Server Error in 4ms

SyntaxError (/Users/apple/Desktop/Make It Real/Challenge/blog-rails-app/blog-rails-app/app/views/articles/new.html.erb:2: syntax error, unexpected ',', expecting tSTRING_CONTENT or tSTRING_DBEG or tSTRING_DVAR or tSTRING_END
...put_buffer.append=  form_for :, url: articles_path do |f| @o...
...                               ^
/Users/apple/Desktop/Make It Real/Challenge/blog-rails-app/blog-rails-app/app/views/articles/new.html.erb:17: syntax error, unexpected keyword_ensure, expecting end-of-input):
  app/views/articles/new.html.erb:2: syntax error, unexpected ',', expecting tSTRING_CONTENT or tSTRING_DBEG or tSTRING_DVAR or tSTRING_END
  app/views/articles/new.html.erb:17: syntax error, unexpected keyword_ensure, expecting end-of-input


  Rendered /usr/local/rvm/gems/ruby-2.0.0-p576/gems/actionpack-4.1.8/lib/action_dispatch/middleware/templates/rescues/_source.erb (0.6ms)
  Rendered /usr/local/rvm/gems/ruby-2.0.0-p576/gems/actionpack-4.1.8/lib/action_dispatch/middleware/templates/rescues/_trace.html.erb (1.2ms)
  Rendered /usr/local/rvm/gems/ruby-2.0.0-p576/gems/actionpack-4.1.8/lib/action_dispatch/middleware/templates/rescues/_request_and_response.html.erb (0.9ms)
  Rendered /usr/local/rvm/gems/ruby-2.0.0-p576/gems/actionpack-4.1.8/lib/action_dispatch/middleware/templates/rescues/diagnostics.erb within rescues/layout (14.8ms)


Started GET "/articles/new" for 127.0.0.1 at 2014-11-23 20:42:42 -0500
Processing by ArticlesController#new as HTML
  Rendered articles/new.html.erb within layouts/application (0.6ms)
Completed 500 Internal Server Error in 4ms

SyntaxError (/Users/apple/Desktop/Make It Real/Challenge/blog-rails-app/blog-rails-app/app/views/articles/new.html.erb:2: syntax error, unexpected ',', expecting tSTRING_CONTENT or tSTRING_DBEG or tSTRING_DVAR or tSTRING_END
...put_buffer.append=  form_for :, url: articles_path do |f| @o...
...                               ^
/Users/apple/Desktop/Make It Real/Challenge/blog-rails-app/blog-rails-app/app/views/articles/new.html.erb:17: syntax error, unexpected keyword_ensure, expecting end-of-input):
  app/views/articles/new.html.erb:2: syntax error, unexpected ',', expecting tSTRING_CONTENT or tSTRING_DBEG or tSTRING_DVAR or tSTRING_END
  app/views/articles/new.html.erb:17: syntax error, unexpected keyword_ensure, expecting end-of-input


  Rendered /usr/local/rvm/gems/ruby-2.0.0-p576/gems/actionpack-4.1.8/lib/action_dispatch/middleware/templates/rescues/_source.erb (0.7ms)
  Rendered /usr/local/rvm/gems/ruby-2.0.0-p576/gems/actionpack-4.1.8/lib/action_dispatch/middleware/templates/rescues/_trace.html.erb (1.2ms)
  Rendered /usr/local/rvm/gems/ruby-2.0.0-p576/gems/actionpack-4.1.8/lib/action_dispatch/middleware/templates/rescues/_request_and_response.html.erb (0.9ms)
  Rendered /usr/local/rvm/gems/ruby-2.0.0-p576/gems/actionpack-4.1.8/lib/action_dispatch/middleware/templates/rescues/diagnostics.erb within rescues/layout (15.1ms)


Started GET "/" for 127.0.0.1 at 2014-11-23 20:42:48 -0500
Processing by WelcomeController#index as HTML
  Rendered welcome/index.html.erb within layouts/application (0.1ms)
Completed 200 OK in 80ms (Views: 79.6ms | ActiveRecord: 0.0ms)


Started GET "/assets/articles.css?body=1" for 127.0.0.1 at 2014-11-23 20:42:48 -0500


Started GET "/assets/application.css?body=1" for 127.0.0.1 at 2014-11-23 20:42:48 -0500


Started GET "/assets/jquery.js?body=1" for 127.0.0.1 at 2014-11-23 20:42:48 -0500


Started GET "/assets/jquery_ujs.js?body=1" for 127.0.0.1 at 2014-11-23 20:42:48 -0500


Started GET "/assets/welcome.css?body=1" for 127.0.0.1 at 2014-11-23 20:42:48 -0500


Started GET "/assets/turbolinks.js?body=1" for 127.0.0.1 at 2014-11-23 20:42:48 -0500


Started GET "/assets/articles.js?body=1" for 127.0.0.1 at 2014-11-23 20:42:48 -0500


Started GET "/assets/welcome.js?body=1" for 127.0.0.1 at 2014-11-23 20:42:48 -0500


Started GET "/assets/application.js?body=1" for 127.0.0.1 at 2014-11-23 20:42:48 -0500


Started GET "/" for 127.0.0.1 at 2014-11-23 20:43:29 -0500
Processing by WelcomeController#index as HTML
  Rendered welcome/index.html.erb within layouts/application (0.1ms)
Completed 200 OK in 49ms (Views: 48.0ms | ActiveRecord: 0.0ms)


Started GET "/assets/articles.css?body=1" for 127.0.0.1 at 2014-11-23 20:43:29 -0500


Started GET "/assets/welcome.css?body=1" for 127.0.0.1 at 2014-11-23 20:43:29 -0500


Started GET "/assets/turbolinks.js?body=1" for 127.0.0.1 at 2014-11-23 20:43:29 -0500


Started GET "/assets/jquery_ujs.js?body=1" for 127.0.0.1 at 2014-11-23 20:43:29 -0500


Started GET "/assets/application.css?body=1" for 127.0.0.1 at 2014-11-23 20:43:29 -0500


Started GET "/assets/jquery.js?body=1" for 127.0.0.1 at 2014-11-23 20:43:29 -0500


Started GET "/assets/articles.js?body=1" for 127.0.0.1 at 2014-11-23 20:43:29 -0500


Started GET "/assets/welcome.js?body=1" for 127.0.0.1 at 2014-11-23 20:43:29 -0500


Started GET "/assets/application.js?body=1" for 127.0.0.1 at 2014-11-23 20:43:29 -0500


Started GET "/articles/new" for 127.0.0.1 at 2014-11-23 20:43:38 -0500
Processing by ArticlesController#new as HTML
  Rendered articles/new.html.erb within layouts/application (1.5ms)
Completed 200 OK in 45ms (Views: 44.2ms | ActiveRecord: 0.0ms)


Started GET "/assets/articles.css?body=1" for 127.0.0.1 at 2014-11-23 20:43:38 -0500


Started GET "/assets/welcome.css?body=1" for 127.0.0.1 at 2014-11-23 20:43:38 -0500


Started GET "/assets/application.css?body=1" for 127.0.0.1 at 2014-11-23 20:43:38 -0500


Started GET "/assets/jquery.js?body=1" for 127.0.0.1 at 2014-11-23 20:43:38 -0500


Started GET "/assets/jquery_ujs.js?body=1" for 127.0.0.1 at 2014-11-23 20:43:38 -0500


Started GET "/assets/turbolinks.js?body=1" for 127.0.0.1 at 2014-11-23 20:43:38 -0500


Started GET "/assets/articles.js?body=1" for 127.0.0.1 at 2014-11-23 20:43:38 -0500


Started GET "/assets/welcome.js?body=1" for 127.0.0.1 at 2014-11-23 20:43:38 -0500


Started GET "/assets/application.js?body=1" for 127.0.0.1 at 2014-11-23 20:43:38 -0500


Started POST "/articles" for 127.0.0.1 at 2014-11-23 20:43:47 -0500

AbstractController::ActionNotFound (The action 'create' could not be found for ArticlesController):
  actionpack (4.1.8) lib/abstract_controller/base.rb:131:in `process'
  actionview (4.1.8) lib/action_view/rendering.rb:30:in `process'
  actionpack (4.1.8) lib/action_controller/metal.rb:196:in `dispatch'
  actionpack (4.1.8) lib/action_controller/metal/rack_delegation.rb:13:in `dispatch'
  actionpack (4.1.8) lib/action_controller/metal.rb:232:in `block in action'
  actionpack (4.1.8) lib/action_dispatch/routing/route_set.rb:82:in `call'
  actionpack (4.1.8) lib/action_dispatch/routing/route_set.rb:82:in `dispatch'
  actionpack (4.1.8) lib/action_dispatch/routing/route_set.rb:50:in `call'
  actionpack (4.1.8) lib/action_dispatch/journey/router.rb:73:in `block in call'
  actionpack (4.1.8) lib/action_dispatch/journey/router.rb:59:in `each'
  actionpack (4.1.8) lib/action_dispatch/journey/router.rb:59:in `call'
  actionpack (4.1.8) lib/action_dispatch/routing/route_set.rb:678:in `call'
  rack (1.5.2) lib/rack/etag.rb:23:in `call'
  rack (1.5.2) lib/rack/conditionalget.rb:35:in `call'
  rack (1.5.2) lib/rack/head.rb:11:in `call'
  actionpack (4.1.8) lib/action_dispatch/middleware/params_parser.rb:27:in `call'
  actionpack (4.1.8) lib/action_dispatch/middleware/flash.rb:254:in `call'
  rack (1.5.2) lib/rack/session/abstract/id.rb:225:in `context'
  rack (1.5.2) lib/rack/session/abstract/id.rb:220:in `call'
  actionpack (4.1.8) lib/action_dispatch/middleware/cookies.rb:560:in `call'
  activerecord (4.1.8) lib/active_record/query_cache.rb:36:in `call'
  activerecord (4.1.8) lib/active_record/connection_adapters/abstract/connection_pool.rb:621:in `call'
  activerecord (4.1.8) lib/active_record/migration.rb:380:in `call'
  actionpack (4.1.8) lib/action_dispatch/middleware/callbacks.rb:29:in `block in call'
  activesupport (4.1.8) lib/active_support/callbacks.rb:82:in `run_callbacks'
  actionpack (4.1.8) lib/action_dispatch/middleware/callbacks.rb:27:in `call'
  actionpack (4.1.8) lib/action_dispatch/middleware/reloader.rb:73:in `call'
  actionpack (4.1.8) lib/action_dispatch/middleware/remote_ip.rb:76:in `call'
  actionpack (4.1.8) lib/action_dispatch/middleware/debug_exceptions.rb:17:in `call'
  actionpack (4.1.8) lib/action_dispatch/middleware/show_exceptions.rb:30:in `call'
  railties (4.1.8) lib/rails/rack/logger.rb:38:in `call_app'
  railties (4.1.8) lib/rails/rack/logger.rb:20:in `block in call'
  activesupport (4.1.8) lib/active_support/tagged_logging.rb:68:in `block in tagged'
  activesupport (4.1.8) lib/active_support/tagged_logging.rb:26:in `tagged'
  activesupport (4.1.8) lib/active_support/tagged_logging.rb:68:in `tagged'
  railties (4.1.8) lib/rails/rack/logger.rb:20:in `call'
  actionpack (4.1.8) lib/action_dispatch/middleware/request_id.rb:21:in `call'
  rack (1.5.2) lib/rack/methodoverride.rb:21:in `call'
  rack (1.5.2) lib/rack/runtime.rb:17:in `call'
  activesupport (4.1.8) lib/active_support/cache/strategy/local_cache_middleware.rb:26:in `call'
  rack (1.5.2) lib/rack/lock.rb:17:in `call'
  actionpack (4.1.8) lib/action_dispatch/middleware/static.rb:84:in `call'
  rack (1.5.2) lib/rack/sendfile.rb:112:in `call'
  railties (4.1.8) lib/rails/engine.rb:514:in `call'
  railties (4.1.8) lib/rails/application.rb:144:in `call'
  rack (1.5.2) lib/rack/lock.rb:17:in `call'
  rack (1.5.2) lib/rack/content_length.rb:14:in `call'
  rack (1.5.2) lib/rack/handler/webrick.rb:60:in `service'
  /usr/local/rvm/rubies/ruby-2.0.0-p576/lib/ruby/2.0.0/webrick/httpserver.rb:138:in `service'
  /usr/local/rvm/rubies/ruby-2.0.0-p576/lib/ruby/2.0.0/webrick/httpserver.rb:94:in `run'
  /usr/local/rvm/rubies/ruby-2.0.0-p576/lib/ruby/2.0.0/webrick/server.rb:295:in `block in start_thread'


  Rendered /usr/local/rvm/gems/ruby-2.0.0-p576/gems/actionpack-4.1.8/lib/action_dispatch/middleware/templates/rescues/unknown_action.html.erb within rescues/layout (0.6ms)


Started POST "/articles" for 127.0.0.1 at 2014-11-23 20:46:03 -0500
Processing by ArticlesController#create as HTML
  Parameters: {"utf8"=>"✓", "authenticity_token"=>"LwgGbg/IKBAUNymzr9TWRr+Jcz9CfavFeaT7uKya1aU=", "article"=>{"title"=>"Hola Mundo ", "text"=>"Que mas ps??"}, "commit"=>"Save Article"}
  Rendered text template (0.0ms)
Completed 200 OK in 16ms (Views: 14.5ms | ActiveRecord: 0.0ms)
  [1m[36m (2.0ms)[0m  [1mCREATE TABLE "schema_migrations" ("version" varchar(255) NOT NULL) [0m
  [1m[35m (0.1ms)[0m  select sqlite_version(*)
  [1m[36m (1.3ms)[0m  [1mCREATE UNIQUE INDEX "unique_schema_migrations" ON "schema_migrations" ("version")[0m
  [1m[35mActiveRecord::SchemaMigration Load (0.1ms)[0m  SELECT "schema_migrations".* FROM "schema_migrations"
Migrating to CreateArticles (20141124014723)
  [1m[36m (0.1ms)[0m  [1mbegin transaction[0m
  [1m[35m (0.6ms)[0m  CREATE TABLE "articles" ("id" INTEGER PRIMARY KEY AUTOINCREMENT NOT NULL, "title" varchar(255), "text" text, "created_at" datetime, "updated_at" datetime) 
  [1m[36mSQL (0.2ms)[0m  [1mINSERT INTO "schema_migrations" ("version") VALUES (?)[0m  [["version", "20141124014723"]]
  [1m[35m (1.1ms)[0m  commit transaction
  [1m[36mActiveRecord::SchemaMigration Load (0.1ms)[0m  [1mSELECT "schema_migrations".* FROM "schema_migrations"[0m


Started GET "/articles" for 127.0.0.1 at 2014-11-23 20:51:57 -0500
  [1m[36mActiveRecord::SchemaMigration Load (0.1ms)[0m  [1mSELECT "schema_migrations".* FROM "schema_migrations"[0m

AbstractController::ActionNotFound (The action 'index' could not be found for ArticlesController):
  actionpack (4.1.8) lib/abstract_controller/base.rb:131:in `process'
  actionview (4.1.8) lib/action_view/rendering.rb:30:in `process'
  actionpack (4.1.8) lib/action_controller/metal.rb:196:in `dispatch'
  actionpack (4.1.8) lib/action_controller/metal/rack_delegation.rb:13:in `dispatch'
  actionpack (4.1.8) lib/action_controller/metal.rb:232:in `block in action'
  actionpack (4.1.8) lib/action_dispatch/routing/route_set.rb:82:in `call'
  actionpack (4.1.8) lib/action_dispatch/routing/route_set.rb:82:in `dispatch'
  actionpack (4.1.8) lib/action_dispatch/routing/route_set.rb:50:in `call'
  actionpack (4.1.8) lib/action_dispatch/journey/router.rb:73:in `block in call'
  actionpack (4.1.8) lib/action_dispatch/journey/router.rb:59:in `each'
  actionpack (4.1.8) lib/action_dispatch/journey/router.rb:59:in `call'
  actionpack (4.1.8) lib/action_dispatch/routing/route_set.rb:678:in `call'
  rack (1.5.2) lib/rack/etag.rb:23:in `call'
  rack (1.5.2) lib/rack/conditionalget.rb:25:in `call'
  rack (1.5.2) lib/rack/head.rb:11:in `call'
  actionpack (4.1.8) lib/action_dispatch/middleware/params_parser.rb:27:in `call'
  actionpack (4.1.8) lib/action_dispatch/middleware/flash.rb:254:in `call'
  rack (1.5.2) lib/rack/session/abstract/id.rb:225:in `context'
  rack (1.5.2) lib/rack/session/abstract/id.rb:220:in `call'
  actionpack (4.1.8) lib/action_dispatch/middleware/cookies.rb:560:in `call'
  activerecord (4.1.8) lib/active_record/query_cache.rb:36:in `call'
  activerecord (4.1.8) lib/active_record/connection_adapters/abstract/connection_pool.rb:621:in `call'
  activerecord (4.1.8) lib/active_record/migration.rb:380:in `call'
  actionpack (4.1.8) lib/action_dispatch/middleware/callbacks.rb:29:in `block in call'
  activesupport (4.1.8) lib/active_support/callbacks.rb:82:in `run_callbacks'
  actionpack (4.1.8) lib/action_dispatch/middleware/callbacks.rb:27:in `call'
  actionpack (4.1.8) lib/action_dispatch/middleware/reloader.rb:73:in `call'
  actionpack (4.1.8) lib/action_dispatch/middleware/remote_ip.rb:76:in `call'
  actionpack (4.1.8) lib/action_dispatch/middleware/debug_exceptions.rb:17:in `call'
  actionpack (4.1.8) lib/action_dispatch/middleware/show_exceptions.rb:30:in `call'
  railties (4.1.8) lib/rails/rack/logger.rb:38:in `call_app'
  railties (4.1.8) lib/rails/rack/logger.rb:20:in `block in call'
  activesupport (4.1.8) lib/active_support/tagged_logging.rb:68:in `block in tagged'
  activesupport (4.1.8) lib/active_support/tagged_logging.rb:26:in `tagged'
  activesupport (4.1.8) lib/active_support/tagged_logging.rb:68:in `tagged'
  railties (4.1.8) lib/rails/rack/logger.rb:20:in `call'
  actionpack (4.1.8) lib/action_dispatch/middleware/request_id.rb:21:in `call'
  rack (1.5.2) lib/rack/methodoverride.rb:21:in `call'
  rack (1.5.2) lib/rack/runtime.rb:17:in `call'
  activesupport (4.1.8) lib/active_support/cache/strategy/local_cache_middleware.rb:26:in `call'
  rack (1.5.2) lib/rack/lock.rb:17:in `call'
  actionpack (4.1.8) lib/action_dispatch/middleware/static.rb:84:in `call'
  rack (1.5.2) lib/rack/sendfile.rb:112:in `call'
  railties (4.1.8) lib/rails/engine.rb:514:in `call'
  railties (4.1.8) lib/rails/application.rb:144:in `call'
  rack (1.5.2) lib/rack/lock.rb:17:in `call'
  rack (1.5.2) lib/rack/content_length.rb:14:in `call'
  rack (1.5.2) lib/rack/handler/webrick.rb:60:in `service'
  /usr/local/rvm/rubies/ruby-2.0.0-p576/lib/ruby/2.0.0/webrick/httpserver.rb:138:in `service'
  /usr/local/rvm/rubies/ruby-2.0.0-p576/lib/ruby/2.0.0/webrick/httpserver.rb:94:in `run'
  /usr/local/rvm/rubies/ruby-2.0.0-p576/lib/ruby/2.0.0/webrick/server.rb:295:in `block in start_thread'


  Rendered /usr/local/rvm/gems/ruby-2.0.0-p576/gems/actionpack-4.1.8/lib/action_dispatch/middleware/templates/rescues/unknown_action.html.erb within rescues/layout (0.4ms)


Started GET "/articles/new" for 127.0.0.1 at 2014-11-23 20:52:26 -0500
Processing by ArticlesController#new as HTML
  Rendered articles/new.html.erb within layouts/application (2.3ms)
Completed 200 OK in 83ms (Views: 82.3ms | ActiveRecord: 0.0ms)


Started GET "/assets/articles.css?body=1" for 127.0.0.1 at 2014-11-23 20:52:27 -0500


Started GET "/assets/application.css?body=1" for 127.0.0.1 at 2014-11-23 20:52:27 -0500


Started GET "/assets/jquery.js?body=1" for 127.0.0.1 at 2014-11-23 20:52:27 -0500


Started GET "/assets/welcome.css?body=1" for 127.0.0.1 at 2014-11-23 20:52:27 -0500


Started GET "/assets/turbolinks.js?body=1" for 127.0.0.1 at 2014-11-23 20:52:27 -0500


Started GET "/assets/articles.js?body=1" for 127.0.0.1 at 2014-11-23 20:52:27 -0500


Started GET "/assets/welcome.js?body=1" for 127.0.0.1 at 2014-11-23 20:52:27 -0500


Started GET "/assets/jquery_ujs.js?body=1" for 127.0.0.1 at 2014-11-23 20:52:27 -0500


Started GET "/assets/application.js?body=1" for 127.0.0.1 at 2014-11-23 20:52:27 -0500


Started POST "/articles" for 127.0.0.1 at 2014-11-23 20:52:40 -0500
Processing by ArticlesController#create as HTML
  Parameters: {"utf8"=>"✓", "authenticity_token"=>"LwgGbg/IKBAUNymzr9TWRr+Jcz9CfavFeaT7uKya1aU=", "article"=>{"title"=>"Ruby", "text"=>"Programando\r\n"}, "commit"=>"Save Article"}
  Rendered text template (0.0ms)
Completed 200 OK in 1ms (Views: 0.4ms | ActiveRecord: 0.0ms)


Started POST "/articles" for 127.0.0.1 at 2014-11-23 20:52:52 -0500
Processing by ArticlesController#create as HTML
  Parameters: {"utf8"=>"✓", "authenticity_token"=>"LwgGbg/IKBAUNymzr9TWRr+Jcz9CfavFeaT7uKya1aU=", "article"=>{"title"=>"Ruby", "text"=>"Programando\r\n"}, "commit"=>"Save Article"}
Completed 500 Internal Server Error in 3ms

ActiveModel::ForbiddenAttributesError (ActiveModel::ForbiddenAttributesError):
  app/controllers/articles_controller.rb:7:in `create'


  Rendered /usr/local/rvm/gems/ruby-2.0.0-p576/gems/actionpack-4.1.8/lib/action_dispatch/middleware/templates/rescues/_source.erb (0.8ms)
  Rendered /usr/local/rvm/gems/ruby-2.0.0-p576/gems/actionpack-4.1.8/lib/action_dispatch/middleware/templates/rescues/_trace.html.erb (1.1ms)
  Rendered /usr/local/rvm/gems/ruby-2.0.0-p576/gems/actionpack-4.1.8/lib/action_dispatch/middleware/templates/rescues/_request_and_response.html.erb (0.9ms)
  Rendered /usr/local/rvm/gems/ruby-2.0.0-p576/gems/actionpack-4.1.8/lib/action_dispatch/middleware/templates/rescues/diagnostics.erb within rescues/layout (17.0ms)


Started POST "/articles" for 127.0.0.1 at 2014-11-23 20:54:59 -0500
Processing by ArticlesController#create as HTML
  Parameters: {"utf8"=>"✓", "authenticity_token"=>"LwgGbg/IKBAUNymzr9TWRr+Jcz9CfavFeaT7uKya1aU=", "article"=>{"title"=>"Ruby", "text"=>"Programando\r\n"}, "commit"=>"Save Article"}
  [1m[35m (0.1ms)[0m  begin transaction
  [1m[36mSQL (0.7ms)[0m  [1mINSERT INTO "articles" ("created_at", "text", "title", "updated_at") VALUES (?, ?, ?, ?)[0m  [["created_at", "2014-11-24 01:54:59.716539"], ["text", "Programando\r\n"], ["title", "Ruby"], ["updated_at", "2014-11-24 01:54:59.716539"]]
  [1m[35m (1.2ms)[0m  commit transaction
Redirected to http://localhost:3000/articles/1
Completed 302 Found in 36ms (ActiveRecord: 2.4ms)


Started GET "/articles/1" for 127.0.0.1 at 2014-11-23 20:54:59 -0500

AbstractController::ActionNotFound (The action 'show' could not be found for ArticlesController):
  actionpack (4.1.8) lib/abstract_controller/base.rb:131:in `process'
  actionview (4.1.8) lib/action_view/rendering.rb:30:in `process'
  actionpack (4.1.8) lib/action_controller/metal.rb:196:in `dispatch'
  actionpack (4.1.8) lib/action_controller/metal/rack_delegation.rb:13:in `dispatch'
  actionpack (4.1.8) lib/action_controller/metal.rb:232:in `block in action'
  actionpack (4.1.8) lib/action_dispatch/routing/route_set.rb:82:in `call'
  actionpack (4.1.8) lib/action_dispatch/routing/route_set.rb:82:in `dispatch'
  actionpack (4.1.8) lib/action_dispatch/routing/route_set.rb:50:in `call'
  actionpack (4.1.8) lib/action_dispatch/journey/router.rb:73:in `block in call'
  actionpack (4.1.8) lib/action_dispatch/journey/router.rb:59:in `each'
  actionpack (4.1.8) lib/action_dispatch/journey/router.rb:59:in `call'
  actionpack (4.1.8) lib/action_dispatch/routing/route_set.rb:678:in `call'
  rack (1.5.2) lib/rack/etag.rb:23:in `call'
  rack (1.5.2) lib/rack/conditionalget.rb:25:in `call'
  rack (1.5.2) lib/rack/head.rb:11:in `call'
  actionpack (4.1.8) lib/action_dispatch/middleware/params_parser.rb:27:in `call'
  actionpack (4.1.8) lib/action_dispatch/middleware/flash.rb:254:in `call'
  rack (1.5.2) lib/rack/session/abstract/id.rb:225:in `context'
  rack (1.5.2) lib/rack/session/abstract/id.rb:220:in `call'
  actionpack (4.1.8) lib/action_dispatch/middleware/cookies.rb:560:in `call'
  activerecord (4.1.8) lib/active_record/query_cache.rb:36:in `call'
  activerecord (4.1.8) lib/active_record/connection_adapters/abstract/connection_pool.rb:621:in `call'
  activerecord (4.1.8) lib/active_record/migration.rb:380:in `call'
  actionpack (4.1.8) lib/action_dispatch/middleware/callbacks.rb:29:in `block in call'
  activesupport (4.1.8) lib/active_support/callbacks.rb:82:in `run_callbacks'
  actionpack (4.1.8) lib/action_dispatch/middleware/callbacks.rb:27:in `call'
  actionpack (4.1.8) lib/action_dispatch/middleware/reloader.rb:73:in `call'
  actionpack (4.1.8) lib/action_dispatch/middleware/remote_ip.rb:76:in `call'
  actionpack (4.1.8) lib/action_dispatch/middleware/debug_exceptions.rb:17:in `call'
  actionpack (4.1.8) lib/action_dispatch/middleware/show_exceptions.rb:30:in `call'
  railties (4.1.8) lib/rails/rack/logger.rb:38:in `call_app'
  railties (4.1.8) lib/rails/rack/logger.rb:20:in `block in call'
  activesupport (4.1.8) lib/active_support/tagged_logging.rb:68:in `block in tagged'
  activesupport (4.1.8) lib/active_support/tagged_logging.rb:26:in `tagged'
  activesupport (4.1.8) lib/active_support/tagged_logging.rb:68:in `tagged'
  railties (4.1.8) lib/rails/rack/logger.rb:20:in `call'
  actionpack (4.1.8) lib/action_dispatch/middleware/request_id.rb:21:in `call'
  rack (1.5.2) lib/rack/methodoverride.rb:21:in `call'
  rack (1.5.2) lib/rack/runtime.rb:17:in `call'
  activesupport (4.1.8) lib/active_support/cache/strategy/local_cache_middleware.rb:26:in `call'
  rack (1.5.2) lib/rack/lock.rb:17:in `call'
  actionpack (4.1.8) lib/action_dispatch/middleware/static.rb:84:in `call'
  rack (1.5.2) lib/rack/sendfile.rb:112:in `call'
  railties (4.1.8) lib/rails/engine.rb:514:in `call'
  railties (4.1.8) lib/rails/application.rb:144:in `call'
  rack (1.5.2) lib/rack/lock.rb:17:in `call'
  rack (1.5.2) lib/rack/content_length.rb:14:in `call'
  rack (1.5.2) lib/rack/handler/webrick.rb:60:in `service'
  /usr/local/rvm/rubies/ruby-2.0.0-p576/lib/ruby/2.0.0/webrick/httpserver.rb:138:in `service'
  /usr/local/rvm/rubies/ruby-2.0.0-p576/lib/ruby/2.0.0/webrick/httpserver.rb:94:in `run'
  /usr/local/rvm/rubies/ruby-2.0.0-p576/lib/ruby/2.0.0/webrick/server.rb:295:in `block in start_thread'


  Rendered /usr/local/rvm/gems/ruby-2.0.0-p576/gems/actionpack-4.1.8/lib/action_dispatch/middleware/templates/rescues/unknown_action.html.erb within rescues/layout (0.4ms)


Started GET "/articles/new" for 127.0.0.1 at 2014-11-23 20:57:10 -0500
Processing by ArticlesController#new as HTML
  Rendered articles/new.html.erb within layouts/application (1.5ms)
Completed 200 OK in 87ms (Views: 47.9ms | ActiveRecord: 0.0ms)


Started GET "/assets/articles.css?body=1" for 127.0.0.1 at 2014-11-23 20:57:11 -0500


Started GET "/assets/welcome.css?body=1" for 127.0.0.1 at 2014-11-23 20:57:11 -0500


Started GET "/assets/application.css?body=1" for 127.0.0.1 at 2014-11-23 20:57:11 -0500


Started GET "/assets/jquery.js?body=1" for 127.0.0.1 at 2014-11-23 20:57:11 -0500


Started GET "/assets/jquery_ujs.js?body=1" for 127.0.0.1 at 2014-11-23 20:57:11 -0500


Started GET "/assets/articles.js?body=1" for 127.0.0.1 at 2014-11-23 20:57:11 -0500


Started GET "/assets/turbolinks.js?body=1" for 127.0.0.1 at 2014-11-23 20:57:11 -0500


Started GET "/assets/welcome.js?body=1" for 127.0.0.1 at 2014-11-23 20:57:11 -0500


Started GET "/assets/application.js?body=1" for 127.0.0.1 at 2014-11-23 20:57:11 -0500


Started POST "/articles" for 127.0.0.1 at 2014-11-23 20:57:18 -0500
Processing by ArticlesController#create as HTML
  Parameters: {"utf8"=>"✓", "authenticity_token"=>"LwgGbg/IKBAUNymzr9TWRr+Jcz9CfavFeaT7uKya1aU=", "article"=>{"title"=>"Tarea", "text"=>"Nueva"}, "commit"=>"Save Article"}
  [1m[36m (0.1ms)[0m  [1mbegin transaction[0m
  [1m[35mSQL (0.4ms)[0m  INSERT INTO "articles" ("created_at", "text", "title", "updated_at") VALUES (?, ?, ?, ?)  [["created_at", "2014-11-24 01:57:18.714369"], ["text", "Nueva"], ["title", "Tarea"], ["updated_at", "2014-11-24 01:57:18.714369"]]
  [1m[36m (5.4ms)[0m  [1mcommit transaction[0m
Redirected to http://localhost:3000/articles/2
Completed 302 Found in 53ms (ActiveRecord: 6.5ms)


Started GET "/articles/2" for 127.0.0.1 at 2014-11-23 20:57:18 -0500
Processing by ArticlesController#show as HTML
  Parameters: {"id"=>"2"}
  [1m[35mArticle Load (0.2ms)[0m  SELECT  "articles".* FROM "articles"  WHERE "articles"."id" = ? LIMIT 1  [["id", 2]]
  Rendered articles/show.html.erb within layouts/application (0.7ms)
Completed 200 OK in 65ms (Views: 61.5ms | ActiveRecord: 0.2ms)


Started GET "/assets/articles.css?body=1" for 127.0.0.1 at 2014-11-23 20:57:18 -0500


Started GET "/assets/welcome.css?body=1" for 127.0.0.1 at 2014-11-23 20:57:18 -0500


Started GET "/assets/jquery.js?body=1" for 127.0.0.1 at 2014-11-23 20:57:18 -0500


Started GET "/assets/application.css?body=1" for 127.0.0.1 at 2014-11-23 20:57:18 -0500


Started GET "/assets/turbolinks.js?body=1" for 127.0.0.1 at 2014-11-23 20:57:18 -0500


Started GET "/assets/jquery_ujs.js?body=1" for 127.0.0.1 at 2014-11-23 20:57:18 -0500


Started GET "/assets/articles.js?body=1" for 127.0.0.1 at 2014-11-23 20:57:18 -0500


Started GET "/assets/welcome.js?body=1" for 127.0.0.1 at 2014-11-23 20:57:18 -0500


Started GET "/assets/application.js?body=1" for 127.0.0.1 at 2014-11-23 20:57:18 -0500
